[debug] [2023-11-19T14:07:31.810Z] ----------------------------------------------------------------------
[debug] [2023-11-19T14:07:31.814Z] Command:       C:\Program Files\nodejs\node.exe C:\Users\hp\AppData\Roaming\npm\node_modules\firebase-tools\lib\bin\firebase.js deploy
[debug] [2023-11-19T14:07:31.815Z] CLI Version:   12.8.1
[debug] [2023-11-19T14:07:31.816Z] Platform:      win32
[debug] [2023-11-19T14:07:31.816Z] Node Version:  v18.14.0
[debug] [2023-11-19T14:07:31.817Z] Time:          Sun Nov 19 2023 17:07:31 GMT+0300 (East Africa Time)
[debug] [2023-11-19T14:07:31.818Z] ----------------------------------------------------------------------
[debug] 
[debug] [2023-11-19T14:07:31.823Z] >>> [apiv2][query] GET https://firebase-public.firebaseio.com/cli.json [none]
[debug] [2023-11-19T14:07:32.067Z] > command requires scopes: ["email","openid","https://www.googleapis.com/auth/cloudplatformprojects.readonly","https://www.googleapis.com/auth/firebase","https://www.googleapis.com/auth/cloud-platform"]
[debug] [2023-11-19T14:07:32.068Z] > authorizing via signed-in user (johnmwega2002@gmail.com)
[debug] [2023-11-19T14:07:32.069Z] [iam] checking project qualityunitedwriters for permissions ["cloudfunctions.functions.create","cloudfunctions.functions.delete","cloudfunctions.functions.get","cloudfunctions.functions.list","cloudfunctions.functions.update","cloudfunctions.operations.get","datastore.indexes.create","datastore.indexes.delete","datastore.indexes.list","datastore.indexes.update","firebase.projects.get"]
[debug] [2023-11-19T14:07:32.071Z] >>> [apiv2][query] POST https://cloudresourcemanager.googleapis.com/v1/projects/qualityunitedwriters:testIamPermissions [none]
[debug] [2023-11-19T14:07:32.072Z] >>> [apiv2][(partial)header] POST https://cloudresourcemanager.googleapis.com/v1/projects/qualityunitedwriters:testIamPermissions x-goog-quota-user=projects/qualityunitedwriters
[debug] [2023-11-19T14:07:32.072Z] >>> [apiv2][body] POST https://cloudresourcemanager.googleapis.com/v1/projects/qualityunitedwriters:testIamPermissions {"permissions":["cloudfunctions.functions.create","cloudfunctions.functions.delete","cloudfunctions.functions.get","cloudfunctions.functions.list","cloudfunctions.functions.update","cloudfunctions.operations.get","datastore.indexes.create","datastore.indexes.delete","datastore.indexes.list","datastore.indexes.update","firebase.projects.get"]}
[debug] [2023-11-19T14:07:53.126Z] *** [apiv2] error from fetch(https://firebase-public.firebaseio.com/cli.json, {"headers":{},"method":"GET"}): FetchError: request to https://firebase-public.firebaseio.com/cli.json failed, reason: connect ETIMEDOUT 34.120.160.131:443
[warn] !  Unable to fetch the CLI MOTD and remote config. 
[debug] [2023-11-19T14:07:53.130Z] Failed to fetch MOTD FirebaseError: Failed to make request to https://firebase-public.firebaseio.com/cli.json
[debug] [2023-11-19T14:07:53.138Z] *** [apiv2] error from fetch(https://cloudresourcemanager.googleapis.com/v1/projects/qualityunitedwriters:testIamPermissions, {"headers":{},"method":"POST","body":"{\"permissions\":[\"cloudfunctions.functions.create\",\"cloudfunctions.functions.delete\",\"cloudfunctions.functions.get\",\"cloudfunctions.functions.list\",\"cloudfunctions.functions.update\",\"cloudfunctions.operations.get\",\"datastore.indexes.create\",\"datastore.indexes.delete\",\"datastore.indexes.list\",\"datastore.indexes.update\",\"firebase.projects.get\"]}"}): FetchError: request to https://cloudresourcemanager.googleapis.com/v1/projects/qualityunitedwriters:testIamPermissions failed, reason: connect ETIMEDOUT 172.217.170.170:443
[debug] [2023-11-19T14:07:53.139Z] [iam] error while checking permissions, command may fail: FirebaseError: Failed to make request to https://cloudresourcemanager.googleapis.com/v1/projects/qualityunitedwriters:testIamPermissions
[debug] [2023-11-19T14:07:53.141Z] >>> [apiv2][query] POST https://iam.googleapis.com/v1/projects/qualityunitedwriters/serviceAccounts/qualityunitedwriters@appspot.gserviceaccount.com:testIamPermissions [none]
[debug] [2023-11-19T14:07:53.142Z] >>> [apiv2][body] POST https://iam.googleapis.com/v1/projects/qualityunitedwriters/serviceAccounts/qualityunitedwriters@appspot.gserviceaccount.com:testIamPermissions {"permissions":["iam.serviceAccounts.actAs"]}
[debug] [2023-11-19T14:08:04.407Z] *** [apiv2] error from fetch(https://iam.googleapis.com/v1/projects/qualityunitedwriters/serviceAccounts/qualityunitedwriters@appspot.gserviceaccount.com:testIamPermissions, {"headers":{},"method":"POST","body":"{\"permissions\":[\"iam.serviceAccounts.actAs\"]}"}): FetchError: request to https://iam.googleapis.com/v1/projects/qualityunitedwriters/serviceAccounts/qualityunitedwriters@appspot.gserviceaccount.com:testIamPermissions failed, reason: getaddrinfo ENOTFOUND iam.googleapis.com
[debug] [2023-11-19T14:08:04.407Z] [functions] service account IAM check errored, deploy may fail: Failed to make request to https://iam.googleapis.com/v1/projects/qualityunitedwriters/serviceAccounts/qualityunitedwriters@appspot.gserviceaccount.com:testIamPermissions {"name":"FirebaseError","children":[],"exit":1,"message":"Failed to make request to https://iam.googleapis.com/v1/projects/qualityunitedwriters/serviceAccounts/qualityunitedwriters@appspot.gserviceaccount.com:testIamPermissions","original":{"message":"request to https://iam.googleapis.com/v1/projects/qualityunitedwriters/serviceAccounts/qualityunitedwriters@appspot.gserviceaccount.com:testIamPermissions failed, reason: getaddrinfo ENOTFOUND iam.googleapis.com","type":"system","errno":"ENOTFOUND","code":"ENOTFOUND"},"status":500}
[info] 
[info] === Deploying to 'qualityunitedwriters'...
[info] 
[info] i  deploying firestore, functions 
[info] i  firestore: reading indexes from firestore.indexes.json... 
[info] i  cloud.firestore: checking firestore.rules for compilation errors... 
[debug] [2023-11-19T14:08:04.444Z] >>> [apiv2][query] POST https://firebaserules.googleapis.com/v1/projects/qualityunitedwriters:test [none]
[debug] [2023-11-19T14:08:04.444Z] >>> [apiv2][body] POST https://firebaserules.googleapis.com/v1/projects/qualityunitedwriters:test [omitted]
[debug] [2023-11-19T14:08:17.986Z] <<< [apiv2][status] POST https://firebaserules.googleapis.com/v1/projects/qualityunitedwriters:test 200
[debug] [2023-11-19T14:08:17.986Z] <<< [apiv2][body] POST https://firebaserules.googleapis.com/v1/projects/qualityunitedwriters:test {"issues":[{"sourcePosition":{"fileName":"firestore.rules"},"description":"Ruleset uses old version (version [1]). Please update to the latest version (version [2]).","severity":"WARNING"}]}
[warn] !  [W] undefined:undefined - Ruleset uses old version (version [1]). Please update to the latest version (version [2]). 
[info] +  cloud.firestore: rules file firestore.rules compiled successfully 
[debug] [2023-11-19T14:08:17.993Z] >>> [apiv2][query] GET https://firebase.googleapis.com/v1beta1/projects/qualityunitedwriters [none]
[debug] [2023-11-19T14:08:19.850Z] <<< [apiv2][status] GET https://firebase.googleapis.com/v1beta1/projects/qualityunitedwriters 200
[debug] [2023-11-19T14:08:19.851Z] <<< [apiv2][body] GET https://firebase.googleapis.com/v1beta1/projects/qualityunitedwriters {"projectId":"qualityunitedwriters","projectNumber":"780244861971","displayName":"QualityUnitedWriters","name":"projects/qualityunitedwriters","resources":{"hostingSite":"qualityunitedwriters","realtimeDatabaseInstance":"qualityunitedwriters-default-rtdb","storageBucket":"qualityunitedwriters.appspot.com","locationId":"us-central"},"state":"ACTIVE","etag":"1_6cf113a4-c9ac-46ee-9384-49d6703f38c4"}
[info] i  functions: preparing codebase default for deployment 
[info] i  functions: ensuring required API cloudfunctions.googleapis.com is enabled... 
[info] i  functions: ensuring required API cloudbuild.googleapis.com is enabled... 
[info] i  artifactregistry: ensuring required API artifactregistry.googleapis.com is enabled... 
[debug] [2023-11-19T14:08:19.857Z] >>> [apiv2][query] GET https://serviceusage.googleapis.com/v1/projects/qualityunitedwriters/services/cloudfunctions.googleapis.com [none]
[debug] [2023-11-19T14:08:19.857Z] >>> [apiv2][(partial)header] GET https://serviceusage.googleapis.com/v1/projects/qualityunitedwriters/services/cloudfunctions.googleapis.com x-goog-quota-user=projects/qualityunitedwriters
[debug] [2023-11-19T14:08:19.860Z] >>> [apiv2][query] GET https://serviceusage.googleapis.com/v1/projects/qualityunitedwriters/services/runtimeconfig.googleapis.com [none]
[debug] [2023-11-19T14:08:19.860Z] >>> [apiv2][(partial)header] GET https://serviceusage.googleapis.com/v1/projects/qualityunitedwriters/services/runtimeconfig.googleapis.com x-goog-quota-user=projects/qualityunitedwriters
[debug] [2023-11-19T14:08:19.864Z] >>> [apiv2][query] GET https://serviceusage.googleapis.com/v1/projects/qualityunitedwriters/services/cloudbuild.googleapis.com [none]
[debug] [2023-11-19T14:08:19.864Z] >>> [apiv2][(partial)header] GET https://serviceusage.googleapis.com/v1/projects/qualityunitedwriters/services/cloudbuild.googleapis.com x-goog-quota-user=projects/qualityunitedwriters
[debug] [2023-11-19T14:08:19.866Z] >>> [apiv2][query] GET https://serviceusage.googleapis.com/v1/projects/qualityunitedwriters/services/artifactregistry.googleapis.com [none]
[debug] [2023-11-19T14:08:19.867Z] >>> [apiv2][(partial)header] GET https://serviceusage.googleapis.com/v1/projects/qualityunitedwriters/services/artifactregistry.googleapis.com x-goog-quota-user=projects/qualityunitedwriters
[debug] [2023-11-19T14:08:22.656Z] <<< [apiv2][status] GET https://serviceusage.googleapis.com/v1/projects/qualityunitedwriters/services/runtimeconfig.googleapis.com 200
[debug] [2023-11-19T14:08:22.656Z] <<< [apiv2][body] GET https://serviceusage.googleapis.com/v1/projects/qualityunitedwriters/services/runtimeconfig.googleapis.com [omitted]
[debug] [2023-11-19T14:08:22.659Z] <<< [apiv2][status] GET https://serviceusage.googleapis.com/v1/projects/qualityunitedwriters/services/artifactregistry.googleapis.com 200
[debug] [2023-11-19T14:08:22.659Z] <<< [apiv2][body] GET https://serviceusage.googleapis.com/v1/projects/qualityunitedwriters/services/artifactregistry.googleapis.com [omitted]
[warn] !  artifactregistry: missing required API artifactregistry.googleapis.com. Enabling now... 
[debug] [2023-11-19T14:08:22.663Z] >>> [apiv2][query] POST https://serviceusage.googleapis.com/v1/projects/qualityunitedwriters/services/artifactregistry.googleapis.com:enable [none]
[debug] [2023-11-19T14:08:22.663Z] >>> [apiv2][(partial)header] POST https://serviceusage.googleapis.com/v1/projects/qualityunitedwriters/services/artifactregistry.googleapis.com:enable x-goog-quota-user=projects/qualityunitedwriters
[debug] [2023-11-19T14:08:23.635Z] <<< [apiv2][status] GET https://serviceusage.googleapis.com/v1/projects/qualityunitedwriters/services/cloudfunctions.googleapis.com 200
[debug] [2023-11-19T14:08:23.636Z] <<< [apiv2][body] GET https://serviceusage.googleapis.com/v1/projects/qualityunitedwriters/services/cloudfunctions.googleapis.com [omitted]
[warn] !  functions: missing required API cloudfunctions.googleapis.com. Enabling now... 
[debug] [2023-11-19T14:08:23.637Z] >>> [apiv2][query] POST https://serviceusage.googleapis.com/v1/projects/qualityunitedwriters/services/cloudfunctions.googleapis.com:enable [none]
[debug] [2023-11-19T14:08:23.638Z] >>> [apiv2][(partial)header] POST https://serviceusage.googleapis.com/v1/projects/qualityunitedwriters/services/cloudfunctions.googleapis.com:enable x-goog-quota-user=projects/qualityunitedwriters
[debug] [2023-11-19T14:08:25.139Z] <<< [apiv2][status] POST https://serviceusage.googleapis.com/v1/projects/qualityunitedwriters/services/artifactregistry.googleapis.com:enable 400
[debug] [2023-11-19T14:08:25.140Z] <<< [apiv2][body] POST https://serviceusage.googleapis.com/v1/projects/qualityunitedwriters/services/artifactregistry.googleapis.com:enable [omitted]
[debug] [2023-11-19T14:08:26.989Z] <<< [apiv2][status] POST https://serviceusage.googleapis.com/v1/projects/qualityunitedwriters/services/cloudfunctions.googleapis.com:enable 200
[debug] [2023-11-19T14:08:26.989Z] <<< [apiv2][body] POST https://serviceusage.googleapis.com/v1/projects/qualityunitedwriters/services/cloudfunctions.googleapis.com:enable [omitted]
[debug] [2023-11-19T14:08:30.158Z] Error: Timed out.
    at Timeout._onTimeout (C:\Users\hp\AppData\Roaming\npm\node_modules\firebase-tools\lib\utils.js:254:49)
    at listOnTimeout (node:internal/timers:569:17)
    at process.processTimers (node:internal/timers:512:7)
[error] 
[error] Error: An unexpected error has occurred.
[debug] [2023-11-19T14:08:30.169Z] <<< [apiv2][status] GET https://serviceusage.googleapis.com/v1/projects/qualityunitedwriters/services/cloudbuild.googleapis.com 200
[debug] [2023-11-19T14:08:30.169Z] <<< [apiv2][body] GET https://serviceusage.googleapis.com/v1/projects/qualityunitedwriters/services/cloudbuild.googleapis.com [omitted]
[warn] !  functions: missing required API cloudbuild.googleapis.com. Enabling now... 
[debug] [2023-11-19T14:08:30.170Z] >>> [apiv2][query] POST https://serviceusage.googleapis.com/v1/projects/qualityunitedwriters/services/cloudbuild.googleapis.com:enable [none]
[debug] [2023-11-19T14:08:30.170Z] >>> [apiv2][(partial)header] POST https://serviceusage.googleapis.com/v1/projects/qualityunitedwriters/services/cloudbuild.googleapis.com:enable x-goog-quota-user=projects/qualityunitedwriters
[debug] [2023-11-19T14:08:43.934Z] ----------------------------------------------------------------------
[debug] [2023-11-19T14:08:43.938Z] Command:       C:\Program Files\nodejs\node.exe C:\Users\hp\AppData\Roaming\npm\node_modules\firebase-tools\lib\bin\firebase.js deploy
[debug] [2023-11-19T14:08:43.938Z] CLI Version:   12.8.1
[debug] [2023-11-19T14:08:43.939Z] Platform:      win32
[debug] [2023-11-19T14:08:43.939Z] Node Version:  v18.14.0
[debug] [2023-11-19T14:08:43.941Z] Time:          Sun Nov 19 2023 17:08:43 GMT+0300 (East Africa Time)
[debug] [2023-11-19T14:08:43.942Z] ----------------------------------------------------------------------
[debug] 
[debug] [2023-11-19T14:08:43.947Z] >>> [apiv2][query] GET https://firebase-public.firebaseio.com/cli.json [none]
[debug] [2023-11-19T14:08:44.191Z] > command requires scopes: ["email","openid","https://www.googleapis.com/auth/cloudplatformprojects.readonly","https://www.googleapis.com/auth/firebase","https://www.googleapis.com/auth/cloud-platform"]
[debug] [2023-11-19T14:08:44.192Z] > authorizing via signed-in user (johnmwega2002@gmail.com)
[debug] [2023-11-19T14:08:44.192Z] [iam] checking project qualityunitedwriters for permissions ["cloudfunctions.functions.create","cloudfunctions.functions.delete","cloudfunctions.functions.get","cloudfunctions.functions.list","cloudfunctions.functions.update","cloudfunctions.operations.get","datastore.indexes.create","datastore.indexes.delete","datastore.indexes.list","datastore.indexes.update","firebase.projects.get"]
[debug] [2023-11-19T14:08:44.195Z] >>> [apiv2][query] POST https://cloudresourcemanager.googleapis.com/v1/projects/qualityunitedwriters:testIamPermissions [none]
[debug] [2023-11-19T14:08:44.195Z] >>> [apiv2][(partial)header] POST https://cloudresourcemanager.googleapis.com/v1/projects/qualityunitedwriters:testIamPermissions x-goog-quota-user=projects/qualityunitedwriters
[debug] [2023-11-19T14:08:44.195Z] >>> [apiv2][body] POST https://cloudresourcemanager.googleapis.com/v1/projects/qualityunitedwriters:testIamPermissions {"permissions":["cloudfunctions.functions.create","cloudfunctions.functions.delete","cloudfunctions.functions.get","cloudfunctions.functions.list","cloudfunctions.functions.update","cloudfunctions.operations.get","datastore.indexes.create","datastore.indexes.delete","datastore.indexes.list","datastore.indexes.update","firebase.projects.get"]}
[debug] [2023-11-19T14:08:47.667Z] <<< [apiv2][status] POST https://cloudresourcemanager.googleapis.com/v1/projects/qualityunitedwriters:testIamPermissions 200
[debug] [2023-11-19T14:08:47.667Z] <<< [apiv2][body] POST https://cloudresourcemanager.googleapis.com/v1/projects/qualityunitedwriters:testIamPermissions {"permissions":["cloudfunctions.functions.create","cloudfunctions.functions.delete","cloudfunctions.functions.get","cloudfunctions.functions.list","cloudfunctions.functions.update","cloudfunctions.operations.get","datastore.indexes.create","datastore.indexes.delete","datastore.indexes.list","datastore.indexes.update","firebase.projects.get"]}
[debug] [2023-11-19T14:08:47.668Z] >>> [apiv2][query] POST https://iam.googleapis.com/v1/projects/qualityunitedwriters/serviceAccounts/qualityunitedwriters@appspot.gserviceaccount.com:testIamPermissions [none]
[debug] [2023-11-19T14:08:47.668Z] >>> [apiv2][body] POST https://iam.googleapis.com/v1/projects/qualityunitedwriters/serviceAccounts/qualityunitedwriters@appspot.gserviceaccount.com:testIamPermissions {"permissions":["iam.serviceAccounts.actAs"]}
[debug] [2023-11-19T14:08:49.383Z] <<< [apiv2][status] GET https://firebase-public.firebaseio.com/cli.json 200
[debug] [2023-11-19T14:08:49.384Z] <<< [apiv2][body] GET https://firebase-public.firebaseio.com/cli.json {"cloudBuildErrorAfter":1594252800000,"cloudBuildWarnAfter":1590019200000,"defaultNode10After":1594252800000,"minVersion":"3.0.5","node8DeploysDisabledAfter":1613390400000,"node8RuntimeDisabledAfter":1615809600000,"node8WarnAfter":1600128000000}
[debug] [2023-11-19T14:15:21.256Z] ----------------------------------------------------------------------
[debug] [2023-11-19T14:15:21.261Z] Command:       C:\Program Files\nodejs\node.exe C:\Users\hp\AppData\Roaming\npm\node_modules\firebase-tools\lib\bin\firebase.js init
[debug] [2023-11-19T14:15:21.262Z] CLI Version:   12.9.1
[debug] [2023-11-19T14:15:21.262Z] Platform:      win32
[debug] [2023-11-19T14:15:21.263Z] Node Version:  v18.14.0
[debug] [2023-11-19T14:15:21.264Z] Time:          Sun Nov 19 2023 17:15:21 GMT+0300 (East Africa Time)
[debug] [2023-11-19T14:15:21.264Z] ----------------------------------------------------------------------
[debug] 
[debug] [2023-11-19T14:15:21.452Z] > command requires scopes: ["email","openid","https://www.googleapis.com/auth/cloudplatformprojects.readonly","https://www.googleapis.com/auth/firebase","https://www.googleapis.com/auth/cloud-platform"]
[debug] [2023-11-19T14:15:21.454Z] > authorizing via signed-in user (johnmwega2002@gmail.com)
[info] 
     ######## #### ########  ######## ########     ###     ######  ########
     ##        ##  ##     ## ##       ##     ##  ##   ##  ##       ##
     ######    ##  ########  ######   ########  #########  ######  ######
     ##        ##  ##    ##  ##       ##     ## ##     ##       ## ##
     ##       #### ##     ## ######## ########  ##     ##  ######  ########

You're about to initialize a Firebase project in this directory:

  C:\Users\hp\Desktop\QualityUnitedWriters

Before we get started, keep in mind:

  * You are initializing within an existing Firebase project directory

[info] 
=== Project Setup
[info] 
[info] First, let's associate this project directory with a Firebase project.
[info] You can create multiple project aliases by running firebase use --add, 
[info] but for now we'll just set up a default project.
[info] 
[debug] [2023-11-19T14:15:39.767Z] Using project from CLI flag: qualityunitedwriters
[debug] [2023-11-19T14:15:39.776Z] >>> [apiv2][query] GET https://firebase.googleapis.com/v1beta1/projects/qualityunitedwriters [none]
[debug] [2023-11-19T14:15:40.748Z] <<< [apiv2][status] GET https://firebase.googleapis.com/v1beta1/projects/qualityunitedwriters 200
[debug] [2023-11-19T14:15:40.748Z] <<< [apiv2][body] GET https://firebase.googleapis.com/v1beta1/projects/qualityunitedwriters {"projectId":"qualityunitedwriters","projectNumber":"780244861971","displayName":"QualityUnitedWriters","name":"projects/qualityunitedwriters","resources":{"hostingSite":"qualityunitedwriters","realtimeDatabaseInstance":"qualityunitedwriters-default-rtdb","storageBucket":"qualityunitedwriters.appspot.com","locationId":"us-central"},"state":"ACTIVE","etag":"1_6cf113a4-c9ac-46ee-9384-49d6703f38c4"}
[info] i  Using project qualityunitedwriters (QualityUnitedWriters) 
[info] 
=== Database Setup
[info] i  database: ensuring required API firebasedatabase.googleapis.com is enabled... 
[debug] [2023-11-19T14:15:40.766Z] >>> [apiv2][query] GET https://serviceusage.googleapis.com/v1/projects/qualityunitedwriters/services/firebasedatabase.googleapis.com [none]
[debug] [2023-11-19T14:15:40.766Z] >>> [apiv2][(partial)header] GET https://serviceusage.googleapis.com/v1/projects/qualityunitedwriters/services/firebasedatabase.googleapis.com x-goog-quota-user=projects/qualityunitedwriters
[debug] [2023-11-19T14:15:43.033Z] <<< [apiv2][status] GET https://serviceusage.googleapis.com/v1/projects/qualityunitedwriters/services/firebasedatabase.googleapis.com 200
[debug] [2023-11-19T14:15:43.033Z] <<< [apiv2][body] GET https://serviceusage.googleapis.com/v1/projects/qualityunitedwriters/services/firebasedatabase.googleapis.com [omitted]
[info] +  database: required API firebasedatabase.googleapis.com is enabled 
[info] 
[debug] [2023-11-19T14:15:43.035Z] >>> [apiv2][query] GET https://firebasedatabase.googleapis.com/v1beta/projects/qualityunitedwriters/locations/-/instances/qualityunitedwriters-default-rtdb [none]
[debug] [2023-11-19T14:15:45.555Z] <<< [apiv2][status] GET https://firebasedatabase.googleapis.com/v1beta/projects/qualityunitedwriters/locations/-/instances/qualityunitedwriters-default-rtdb 200
[debug] [2023-11-19T14:15:45.555Z] <<< [apiv2][body] GET https://firebasedatabase.googleapis.com/v1beta/projects/qualityunitedwriters/locations/-/instances/qualityunitedwriters-default-rtdb {"name":"projects/780244861971/locations/us-central1/instances/qualityunitedwriters-default-rtdb","project":"projects/780244861971","databaseUrl":"https://qualityunitedwriters-default-rtdb.firebaseio.com","type":"DEFAULT_DATABASE","state":"ACTIVE"}
[info] 
[info] Firebase Realtime Database Security Rules allow you to define how your data should be
[info] structured and when your data can be read from and written to.
[info] 
[info] Skipping overwrite of Realtime Database Security Rules.
[info] The security rules defined in database.rules.json will be published when you run firebase deploy.
[info] 
=== Firestore Setup
[debug] [2023-11-19T14:15:58.148Z] >>> [apiv2][query] GET https://serviceusage.googleapis.com/v1/projects/qualityunitedwriters/services/firestore.googleapis.com [none]
[debug] [2023-11-19T14:15:58.148Z] >>> [apiv2][(partial)header] GET https://serviceusage.googleapis.com/v1/projects/qualityunitedwriters/services/firestore.googleapis.com x-goog-quota-user=projects/qualityunitedwriters
[debug] [2023-11-19T14:16:01.400Z] <<< [apiv2][status] GET https://serviceusage.googleapis.com/v1/projects/qualityunitedwriters/services/firestore.googleapis.com 200
[debug] [2023-11-19T14:16:01.401Z] <<< [apiv2][body] GET https://serviceusage.googleapis.com/v1/projects/qualityunitedwriters/services/firestore.googleapis.com [omitted]
[debug] [2023-11-19T14:16:01.403Z] >>> [apiv2][query] GET https://firestore.googleapis.com/v1/projects/qualityunitedwriters/databases/(default) [none]
[debug] [2023-11-19T14:16:03.324Z] <<< [apiv2][status] GET https://firestore.googleapis.com/v1/projects/qualityunitedwriters/databases/(default) 200
[debug] [2023-11-19T14:16:03.325Z] <<< [apiv2][body] GET https://firestore.googleapis.com/v1/projects/qualityunitedwriters/databases/(default) {"name":"projects/qualityunitedwriters/databases/(default)","uid":"82c6f213-6359-4af5-b704-c7edcc74773a","createTime":"2023-11-08T22:17:59.269402Z","updateTime":"2023-11-08T22:17:59.269402Z","locationId":"nam5","type":"FIRESTORE_NATIVE","concurrencyMode":"PESSIMISTIC","versionRetentionPeriod":"3600s","earliestVersionTime":"2023-11-19T13:16:03.303440Z","appEngineIntegrationMode":"ENABLED","keyPrefix":"s","pointInTimeRecoveryEnablement":"POINT_IN_TIME_RECOVERY_DISABLED","deleteProtectionState":"DELETE_PROTECTION_DISABLED","etag":"IJ3nxpOg0IIDMJnztZ3StYID"}
[debug] [2023-11-19T14:16:03.325Z] database_type: FIRESTORE_NATIVE
[debug] [2023-11-19T14:16:03.326Z] > command requires scopes: ["email","openid","https://www.googleapis.com/auth/cloudplatformprojects.readonly","https://www.googleapis.com/auth/firebase","https://www.googleapis.com/auth/cloud-platform"]
[debug] [2023-11-19T14:16:03.327Z] > authorizing via signed-in user (johnmwega2002@gmail.com)
[debug] [2023-11-19T14:16:03.327Z] [iam] checking project qualityunitedwriters for permissions ["firebase.projects.get"]
[debug] [2023-11-19T14:16:03.329Z] >>> [apiv2][query] POST https://cloudresourcemanager.googleapis.com/v1/projects/qualityunitedwriters:testIamPermissions [none]
[debug] [2023-11-19T14:16:03.329Z] >>> [apiv2][(partial)header] POST https://cloudresourcemanager.googleapis.com/v1/projects/qualityunitedwriters:testIamPermissions x-goog-quota-user=projects/qualityunitedwriters
[debug] [2023-11-19T14:16:03.329Z] >>> [apiv2][body] POST https://cloudresourcemanager.googleapis.com/v1/projects/qualityunitedwriters:testIamPermissions {"permissions":["firebase.projects.get"]}
[debug] [2023-11-19T14:16:05.556Z] <<< [apiv2][status] POST https://cloudresourcemanager.googleapis.com/v1/projects/qualityunitedwriters:testIamPermissions 200
[debug] [2023-11-19T14:16:05.557Z] <<< [apiv2][body] POST https://cloudresourcemanager.googleapis.com/v1/projects/qualityunitedwriters:testIamPermissions {"permissions":["firebase.projects.get"]}
[info] 
[info] Firestore Security Rules allow you to define how and when to allow
[info] requests. You can keep these rules in your project directory
[info] and publish them with firebase deploy.
[info] 
[info] 
[info] Firestore indexes allow you to perform complex queries while
[info] maintaining performance that scales with the size of the result
[info] set. You can keep index definitions in your project directory
[info] and publish them with firebase deploy.
[info] 
[info] 
=== Functions Setup
[debug] [2023-11-19T14:16:12.209Z] > command requires scopes: ["email","openid","https://www.googleapis.com/auth/cloudplatformprojects.readonly","https://www.googleapis.com/auth/firebase","https://www.googleapis.com/auth/cloud-platform"]
[debug] [2023-11-19T14:16:12.209Z] > authorizing via signed-in user (johnmwega2002@gmail.com)
[debug] [2023-11-19T14:16:12.209Z] [iam] checking project qualityunitedwriters for permissions ["firebase.projects.get"]
[debug] [2023-11-19T14:16:12.210Z] >>> [apiv2][query] POST https://cloudresourcemanager.googleapis.com/v1/projects/qualityunitedwriters:testIamPermissions [none]
[debug] [2023-11-19T14:16:12.210Z] >>> [apiv2][(partial)header] POST https://cloudresourcemanager.googleapis.com/v1/projects/qualityunitedwriters:testIamPermissions x-goog-quota-user=projects/qualityunitedwriters
[debug] [2023-11-19T14:16:12.210Z] >>> [apiv2][body] POST https://cloudresourcemanager.googleapis.com/v1/projects/qualityunitedwriters:testIamPermissions {"permissions":["firebase.projects.get"]}
[debug] [2023-11-19T14:16:14.062Z] <<< [apiv2][status] POST https://cloudresourcemanager.googleapis.com/v1/projects/qualityunitedwriters:testIamPermissions 200
[debug] [2023-11-19T14:16:14.063Z] <<< [apiv2][body] POST https://cloudresourcemanager.googleapis.com/v1/projects/qualityunitedwriters:testIamPermissions {"permissions":["firebase.projects.get"]}
[debug] [2023-11-19T14:16:14.064Z] >>> [apiv2][query] GET https://serviceusage.googleapis.com/v1/projects/qualityunitedwriters/services/cloudfunctions.googleapis.com [none]
[debug] [2023-11-19T14:16:14.064Z] >>> [apiv2][(partial)header] GET https://serviceusage.googleapis.com/v1/projects/qualityunitedwriters/services/cloudfunctions.googleapis.com x-goog-quota-user=projects/qualityunitedwriters
[debug] [2023-11-19T14:16:14.069Z] >>> [apiv2][query] GET https://serviceusage.googleapis.com/v1/projects/qualityunitedwriters/services/runtimeconfig.googleapis.com [none]
[debug] [2023-11-19T14:16:14.070Z] >>> [apiv2][(partial)header] GET https://serviceusage.googleapis.com/v1/projects/qualityunitedwriters/services/runtimeconfig.googleapis.com x-goog-quota-user=projects/qualityunitedwriters
[debug] [2023-11-19T14:16:16.067Z] <<< [apiv2][status] GET https://serviceusage.googleapis.com/v1/projects/qualityunitedwriters/services/runtimeconfig.googleapis.com 200
[debug] [2023-11-19T14:16:16.068Z] <<< [apiv2][body] GET https://serviceusage.googleapis.com/v1/projects/qualityunitedwriters/services/runtimeconfig.googleapis.com [omitted]
[debug] [2023-11-19T14:16:16.487Z] <<< [apiv2][status] GET https://serviceusage.googleapis.com/v1/projects/qualityunitedwriters/services/cloudfunctions.googleapis.com 200
[debug] [2023-11-19T14:16:16.487Z] <<< [apiv2][body] GET https://serviceusage.googleapis.com/v1/projects/qualityunitedwriters/services/cloudfunctions.googleapis.com [omitted]
[info] 
Detected existing codebase(s): default

[info] 
Overwriting codebase default...

[info] +  Wrote functions/package.json 
[info] +  Wrote functions/tsconfig.json 
[info] +  Wrote functions/src/index.ts 
[info] +  Wrote functions/.gitignore 
